DEBUG:urllib3.connectionpool:Starting new HTTPS connection (1): api.mercadopago.com:443
DEBUG:urllib3.connectionpool:https://api.mercadopago.com:443 "POST /v1/customers?access_token=TEST-2989627135752680-032519-11e2a707179c87278891a27abdd5425a-351960109 HTTP/1.1" 201 None
DEBUG:urllib3.connectionpool:Starting new HTTPS connection (1): api.mercadopago.com:443
DEBUG:urllib3.connectionpool:https://api.mercadopago.com:443 "POST /v1/card_tokens?public_key=TEST-33f138f4-93db-457b-8b29-2288deb0d1c9 HTTP/1.1" 201 523
DEBUG:urllib3.connectionpool:Starting new HTTPS connection (1): api.mercadopago.com:443
DEBUG:urllib3.connectionpool:https://api.mercadopago.com:443 "POST /v1/customers/547416414-5noz6Axi8wmcu7/cards?access_token=TEST-2989627135752680-032519-11e2a707179c87278891a27abdd5425a-351960109 HTTP/1.1" 201 None
DEBUG:urllib3.connectionpool:Starting new HTTPS connection (1): api.mercadopago.com:443
DEBUG:urllib3.connectionpool:https://api.mercadopago.com:443 "POST /v1/customers/547416414-5noz6Axi8wmcu7?access_token=TEST-2989627135752680-032519-11e2a707179c87278891a27abdd5425a-351960109 HTTP/1.1" 200 None
INFO:root:Customer creado con éxito: ['8878318', '547416414-5noz6Axi8wmcu7', 'c4431ff4a73b03e06c2cac063e7dcfb7', '1586959384709']
DEBUG:urllib3.connectionpool:Starting new HTTPS connection (1): api.mercadopago.com:443
DEBUG:urllib3.connectionpool:https://api.mercadopago.com:443 "POST /v1/customers?access_token=TEST-2989627135752680-032519-11e2a707179c87278891a27abdd5425a-351960109 HTTP/1.1" 201 None
DEBUG:urllib3.connectionpool:Starting new HTTPS connection (1): api.mercadopago.com:443
DEBUG:urllib3.connectionpool:https://api.mercadopago.com:443 "POST /v1/card_tokens?public_key=TEST-33f138f4-93db-457b-8b29-2288deb0d1c9 HTTP/1.1" 201 535
DEBUG:urllib3.connectionpool:Starting new HTTPS connection (1): api.mercadopago.com:443
DEBUG:urllib3.connectionpool:https://api.mercadopago.com:443 "POST /v1/customers/547416445-ywHgWLPyCHupVi/cards?access_token=TEST-2989627135752680-032519-11e2a707179c87278891a27abdd5425a-351960109 HTTP/1.1" 201 None
DEBUG:urllib3.connectionpool:Starting new HTTPS connection (1): api.mercadopago.com:443
DEBUG:urllib3.connectionpool:https://api.mercadopago.com:443 "POST /v1/customers/547416445-ywHgWLPyCHupVi?access_token=TEST-2989627135752680-032519-11e2a707179c87278891a27abdd5425a-351960109 HTTP/1.1" 200 None
INFO:root:Customer creado con éxito: ['8878575', '547416445-ywHgWLPyCHupVi', 'e63a8f5a35bb6d46e2e35667e41a6afd', '1586959388256']
DEBUG:urllib3.connectionpool:Starting new HTTPS connection (1): api.mercadopago.com:443
DEBUG:urllib3.connectionpool:https://api.mercadopago.com:443 "POST /v1/customers?access_token=TEST-2989627135752680-032519-11e2a707179c87278891a27abdd5425a-351960109 HTTP/1.1" 201 None
DEBUG:urllib3.connectionpool:Starting new HTTPS connection (1): api.mercadopago.com:443
DEBUG:urllib3.connectionpool:https://api.mercadopago.com:443 "POST /v1/card_tokens?public_key=TEST-33f138f4-93db-457b-8b29-2288deb0d1c9 HTTP/1.1" 201 531
DEBUG:urllib3.connectionpool:Starting new HTTPS connection (1): api.mercadopago.com:443
DEBUG:urllib3.connectionpool:https://api.mercadopago.com:443 "POST /v1/customers/547416468-aiPx8u9olqwHa2/cards?access_token=TEST-2989627135752680-032519-11e2a707179c87278891a27abdd5425a-351960109 HTTP/1.1" 201 None
DEBUG:urllib3.connectionpool:Starting new HTTPS connection (1): api.mercadopago.com:443
DEBUG:urllib3.connectionpool:https://api.mercadopago.com:443 "POST /v1/customers/547416468-aiPx8u9olqwHa2?access_token=TEST-2989627135752680-032519-11e2a707179c87278891a27abdd5425a-351960109 HTTP/1.1" 200 None
INFO:root:Customer creado con éxito: ['8878612', '547416468-aiPx8u9olqwHa2', '45619dd69e4320365c76f938281cd91a', '1586959390928']
DEBUG:urllib3.connectionpool:Starting new HTTPS connection (1): api.mercadopago.com:443
DEBUG:urllib3.connectionpool:https://api.mercadopago.com:443 "POST /v1/customers?access_token=TEST-2989627135752680-032519-11e2a707179c87278891a27abdd5425a-351960109 HTTP/1.1" 400 None
ERROR:root:Customer ha fallado en su creación: ['8878612'] ERROR: 'id' - columna: 4
INFO:root:Proceso finalizado >> Success rate:75%
INFO:root:lista de usuarios creados con error:  ['8878612']
